服务已启动
服务已启动
服务已启动
服务已启动
服务已启动
服务已启动
服务已启动
服务已启动
服务已启动
服务已启动
服务已启动
服务已启动
服务已启动
/index.html
/favicon.ico
/login.html
/login.js
/3.jpg
/getData
/login.html
/3.jpg
/login.js
/getData
/login.html
/login.js
/3.jpg
/getData
/login.html
/login.js
/3.jpg
/getData
/3.jpg
/3.jpg
/getData
服务已启动
/login.html
/login.js
/3.jpg
/getData
/login.html
/login.js
/3.jpg
服务已启动
/login.html
/login.js
/3.jpg
/getData
服务已启动
/login.html
/login.js
/3.jpg
/getData
服务已启动
/login.html
/login.js
/3.jpg
/getData
/3.jpg
/login.html
/login.js
/3.jpg
服务已启动
服务已启动
/login.html
/login.js
/3.jpg
/getData
服务已启动
/login.html
/login.js
/3.jpg
/getData
服务已启动
/login.html
/login.js
/3.jpg
/getData
服务已启动
/login.html
/login.js
/3.jpg
/getData
/login.html
/3.jpg
/login.js
服务已启动
/login.html
/login.js
/3.jpg
/getData
/login.html
/login.js
/3.jpg
服务已启动
/login.html
/login.js
/3.jpg
/getData
/login.html
/3.jpg
/login.js
服务已启动
/login.html
/login.js
/getData
服务已启动
/login.html
/login.js
/getData
/login.html
/login.js
服务已启动
/login.html
/login.js
/getData
服务已启动
/login.html
/login.js
/getData
服务已启动
/login.html
/login.js
/getData
服务已启动
/login
/login.html
/login.js
服务已启动
/login.html
/login.js
/getData
服务已启动
/login.html
/login.js
/getData
服务已启动
/login
/login.html
/login.js
服务已启动
/login.html
/login.js
/getData
服务已启动
/login.html
/login.js
/getData
服务已启动
/login
/login.html
/login.js
服务已启动
/login.html
/login.js
/getData
服务已启动
/login
服务已启动
/login
服务已启动
/login
服务已启动
/login
服务已启动
/login
服务已启动
/login
服务已启动
/login
/login.html
/login.js
服务已启动
/login.html
/login.js
/getData
服务已启动
/login
/login.html
/login.js
服务已启动
/login
服务已启动
/login
服务已启动
/login
服务已启动
/login.html
/login.js
/getData
服务已启动
/login
服务已启动
/login
服务已启动
/login
服务已启动
/login.html
/login.js
/getData
服务已启动
/login.html
/login.js
/getData
服务已启动
/login
服务已启动
/login
服务已启动
/login
服务已启动
/login
服务已启动
/login.html
/login.js
/getData
/login.html
/login.js
服务已启动
/login.html
/login.js
/getData
服务已启动
/login
服务已启动
/login
服务已启动
/login
服务已启动
/login.html
/login.js
/getData
服务已启动
/login
服务已启动
/login
/login.html
/login.js
/getData
/login
/login.html
/login.js
/getData
/login
/login
/login
服务已启动
服务已启动
服务已启动
服务已启动
服务已启动
服务已启动
/login
服务已启动
服务已启动
/login
服务已启动
/login
服务已启动
服务已启动
/login
服务已启动
服务已启动
/login
服务已启动
服务已启动
/login
服务已启动
/login
/login
服务已启动
/login.html
/login.js
/getData
服务已启动
/login
服务已启动
/login
服务已启动
服务已启动
/login
服务已启动
/login
服务已启动
/login
服务已启动
服务已启动
/login
服务已启动
服务已启动
/login
/login
/login
/login
服务已启动
/login
/login
服务已启动
/login
/login.html
/login.js
/getData
/login
/main.html
/login
/main.html
服务已启动
服务已启动
/login.html
/login.js
/getData
/login
/main.html
服务已启动
/login.html
/login.js
/getData
/favicon.ico
/login
/main.html
/main.html
/main.html
/login
/main.html
/login.html
/login.js
/getData
/login.html
/login.js
/getData
/login.html
/login.js
/getData
/login.html
/login.js
/getData
/login
/main.html
服务已启动
/login.html
/login.js
/getData
/login
/main.html
/login
/error.html
/login
/error.html
/login
/main.html
服务已启动
/login.html
/login.js
/getData
/login
服务已启动
/login.html
/login.js
/getData
/login
服务已启动
/login.html
/login.js
/getData
/login
服务已启动
/login.html
/login.js
/getData
/login
/main.html
服务已启动
/main.html
/login
/main.html
/login
/main.html
服务已启动
/login.html
/login.js
/getData
/login
/main.html
服务已启动
/login.html
/login.js
/getData
/login
/main.html
服务已启动
服务已启动
服务已启动
/main.html
/login.html
/login.js
/login.js
服务已启动
/login.html
/login.js
/login.html
/login.html
/login.js
/login.html
/login.html
/login.js
/login.html
/login.html
/login.js
/login.html
/login
/main.html
/login.html
/login.js
/login.html
/login
/main.html
/login.html
/login.js
/login.html
服务已启动
/login.html
/login.js
/login.html
/login
/main.html
/login.html
/login.js
/login.html
服务已启动
/login.html
/login.js
/login.html
/login.html
/login.js
/login.html
/login.html
/login.js
/login.html
/login.html
/login.js
/login.html
/login.html
/login.js
/login.html
/login.html
/login.js
/login.html
/login.html
/login.js
/login.html
/login.html
/login.js
/login.html
/login.html
/login.js
/login.html
/login.html
/login.js
/login.html
/login.html
/login.js
/login.html
/login.html
/login.js
/login.html
/login.html
/login.js
/login.html
/login.html
/login.js
/login.html
/login
/main.html
/login.html
/login.js
/login.html
服务已启动
/login.html
/login.js
/login.html
/login
/main.html
/login.html
/login.js
/login.html
服务已启动
/login.html
/login.js
/getData
/login.html
/main.html
/login.html
/login.js
/getData
/login.html
/main.html
/login.html
/login.js
/getData
/login.html
服务已启动
/login.html
/login.js
/getData
/main.html
/main.html
/main.html
/main.html
/main.html
/login.html
/login.js
/getData
/login.html
/login
/main.html
/main.html
/main.html
/main.html
/main.html
/main.html
/login.html
/login.js
/getData
/login.html
/login.js
/getData
/login
/main.html
服务已启动
服务已启动
/chat
/chat
/chat
/chat
/chat
/chat
服务已启动
服务已启动
服务已启动
服务已启动
/index.html
/login.html
/login.js
/getData
/login.html
/favicon.ico
/login
/main.html
服务已启动
/login.html
/login.js
/getData
服务已启动
/login.html
/login.js
/getData
/login
/main.html
服务已启动
/main.html
/login
/main.html
服务已启动
/main.html
服务已启动
/main.html
/testFileUpload
服务已启动
/main.html
/testFileUpload
服务已启动
服务已启动
服务已启动
/main.html
/testFileUpload
服务已启动
/main.html
/testFileUpload
服务已启动
/main.html
服务已启动
/main.html
/testFileUpload
服务已启动
/main.html
/testFileUpload
服务已启动
/testFileUpload
服务已启动
/main.html
/testFileUpload
服务已启动
/
/login.html
/login.js
/getData
/login
/main.html
/testFileUpload
